# JRE version: Java(TM) SE Runtime Environment (8.0_261-b12) (build 1.8.0_261-b12)
# Java VM: Java HotSpot(TM) 64-Bit Server VM (25.261-b12 mixed mode windows-amd64 compressed oops)
Heap:
 PSYoungGen      total 74752K, used 32972K [0x00000000f5580000, 0x00000000fd900000, 0x0000000100000000)
  eden space 64000K, 36% used [0x00000000f5580000,0x00000000f6c9e8b8,0x00000000f9400000)
  from space 10752K, 86% used [0x00000000fa000000,0x00000000fa9148b0,0x00000000faa80000)
  to   space 12288K, 0% used [0x00000000f9400000,0x00000000f9400000,0x00000000fa000000)
 ParOldGen       total 175104K, used 7885K [0x00000000e0000000, 0x00000000eab00000, 0x00000000f5580000)
  object space 175104K, 4% used [0x00000000e0000000,0x00000000e07b36f0,0x00000000eab00000)
 Metaspace       used 33549K, capacity 34304K, committed 34432K, reserved 1079296K
  class space    used 4665K, capacity 4882K, committed 4992K, reserved 1048576K
GC Heap History (10 events):
Event: 4.081 GC heap before
{Heap before GC invocations=3 (full 0):
 PSYoungGen      total 76288K, used 75241K [0x00000000f5580000, 0x00000000faa80000, 0x0000000100000000)
  eden space 65536K, 100% used [0x00000000f5580000,0x00000000f9580000,0x00000000f9580000)
  from space 10752K, 90% used [0x00000000fa000000,0x00000000fa97a7d8,0x00000000faa80000)
  to   space 10752K, 0% used [0x00000000f9580000,0x00000000f9580000,0x00000000fa000000)
 ParOldGen       total 175104K, used 24K [0x00000000e0000000, 0x00000000eab00000, 0x00000000f5580000)
  object space 175104K, 0% used [0x00000000e0000000,0x00000000e0006000,0x00000000eab00000)
 Metaspace       used 19677K, capacity 20248K, committed 20608K, reserved 1067008K
  class space    used 2906K, capacity 3074K, committed 3200K, reserved 1048576K
Event: 4.092 GC heap after
Heap after GC invocations=3 (full 0):
 PSYoungGen      total 76288K, used 10722K [0x00000000f5580000, 0x00000000faa80000, 0x0000000100000000)
  eden space 65536K, 0% used [0x00000000f5580000,0x00000000f5580000,0x00000000f9580000)
  from space 10752K, 99% used [0x00000000f9580000,0x00000000f9ff8a58,0x00000000fa000000)
  to   space 10752K, 0% used [0x00000000fa000000,0x00000000fa000000,0x00000000faa80000)
 ParOldGen       total 175104K, used 922K [0x00000000e0000000, 0x00000000eab00000, 0x00000000f5580000)
  object space 175104K, 0% used [0x00000000e0000000,0x00000000e00e6b60,0x00000000eab00000)
 Metaspace       used 19677K, capacity 20248K, committed 20608K, reserved 1067008K
  class space    used 2906K, capacity 3074K, committed 3200K, reserved 1048576K
}
Event: 4.174 GC heap before
{Heap before GC invocations=4 (full 0):
 PSYoungGen      total 76288K, used 19191K [0x00000000f5580000, 0x00000000faa80000, 0x0000000100000000)
  eden space 65536K, 12% used [0x00000000f5580000,0x00000000f5dc5438,0x00000000f9580000)
  from space 10752K, 99% used [0x00000000f9580000,0x00000000f9ff8a58,0x00000000fa000000)
  to   space 10752K, 0% used [0x00000000fa000000,0x00000000fa000000,0x00000000faa80000)
 ParOldGen       total 175104K, used 922K [0x00000000e0000000, 0x00000000eab00000, 0x00000000f5580000)
  object space 175104K, 0% used [0x00000000e0000000,0x00000000e00e6b60,0x00000000eab00000)
 Metaspace       used 20585K, capacity 21132K, committed 21248K, reserved 1067008K
  class space    used 3057K, capacity 3239K, committed 3328K, reserved 1048576K
Event: 4.178 GC heap after
Heap after GC invocations=4 (full 0):
 PSYoungGen      total 76288K, used 8044K [0x00000000f5580000, 0x00000000faa80000, 0x0000000100000000)
  eden space 65536K, 0% used [0x00000000f5580000,0x00000000f5580000,0x00000000f9580000)
  from space 10752K, 74% used [0x00000000fa000000,0x00000000fa7db1c8,0x00000000faa80000)
  to   space 10752K, 0% used [0x00000000f9580000,0x00000000f9580000,0x00000000fa000000)
 ParOldGen       total 175104K, used 930K [0x00000000e0000000, 0x00000000eab00000, 0x00000000f5580000)
  object space 175104K, 0% used [0x00000000e0000000,0x00000000e00e8b60,0x00000000eab00000)
 Metaspace       used 20585K, capacity 21132K, committed 21248K, reserved 1067008K
  class space    used 3057K, capacity 3239K, committed 3328K, reserved 1048576K
}
Event: 4.178 GC heap before
{Heap before GC invocations=5 (full 1):
 PSYoungGen      total 76288K, used 8044K [0x00000000f5580000, 0x00000000faa80000, 0x0000000100000000)
  eden space 65536K, 0% used [0x00000000f5580000,0x00000000f5580000,0x00000000f9580000)
  from space 10752K, 74% used [0x00000000fa000000,0x00000000fa7db1c8,0x00000000faa80000)
  to   space 10752K, 0% used [0x00000000f9580000,0x00000000f9580000,0x00000000fa000000)
 ParOldGen       total 175104K, used 930K [0x00000000e0000000, 0x00000000eab00000, 0x00000000f5580000)
  object space 175104K, 0% used [0x00000000e0000000,0x00000000e00e8b60,0x00000000eab00000)
 Metaspace       used 20585K, capacity 21132K, committed 21248K, reserved 1067008K
  class space    used 3057K, capacity 3239K, committed 3328K, reserved 1048576K
Event: 4.200 GC heap after
Heap after GC invocations=5 (full 1):
 PSYoungGen      total 76288K, used 0K [0x00000000f5580000, 0x00000000faa80000, 0x0000000100000000)
  eden space 65536K, 0% used [0x00000000f5580000,0x00000000f5580000,0x00000000f9580000)
  from space 10752K, 0% used [0x00000000fa000000,0x00000000fa000000,0x00000000faa80000)
  to   space 10752K, 0% used [0x00000000f9580000,0x00000000f9580000,0x00000000fa000000)
 ParOldGen       total 175104K, used 7869K [0x00000000e0000000, 0x00000000eab00000, 0x00000000f5580000)
  object space 175104K, 4% used [0x00000000e0000000,0x00000000e07af6f0,0x00000000eab00000)
 Metaspace       used 20585K, capacity 21132K, committed 21248K, reserved 1067008K
  class space    used 3057K, capacity 3239K, committed 3328K, reserved 1048576K
}
Event: 4.668 GC heap before
{Heap before GC invocations=6 (full 1):
 PSYoungGen      total 76288K, used 65536K [0x00000000f5580000, 0x00000000faa80000, 0x0000000100000000)
  eden space 65536K, 100% used [0x00000000f5580000,0x00000000f9580000,0x00000000f9580000)
  from space 10752K, 0% used [0x00000000fa000000,0x00000000fa000000,0x00000000faa80000)
  to   space 10752K, 0% used [0x00000000f9580000,0x00000000f9580000,0x00000000fa000000)
 ParOldGen       total 175104K, used 7869K [0x00000000e0000000, 0x00000000eab00000, 0x00000000f5580000)
  object space 175104K, 4% used [0x00000000e0000000,0x00000000e07af6f0,0x00000000eab00000)
 Metaspace       used 28377K, capacity 28942K, committed 29056K, reserved 1075200K
  class space    used 3974K, capacity 4176K, committed 4224K, reserved 1048576K
Event: 4.672 GC heap after
Heap after GC invocations=6 (full 1):
 PSYoungGen      total 76288K, used 7752K [0x00000000f5580000, 0x00000000faa80000, 0x0000000100000000)
  eden space 65536K, 0% used [0x00000000f5580000,0x00000000f5580000,0x00000000f9580000)
  from space 10752K, 72% used [0x00000000f9580000,0x00000000f9d12380,0x00000000fa000000)
  to   space 10752K, 0% used [0x00000000fa000000,0x00000000fa000000,0x00000000faa80000)
 ParOldGen       total 175104K, used 7877K [0x00000000e0000000, 0x00000000eab00000, 0x00000000f5580000)
  object space 175104K, 4% used [0x00000000e0000000,0x00000000e07b16f0,0x00000000eab00000)
 Metaspace       used 28377K, capacity 28942K, committed 29056K, reserved 1075200K
  class space    used 3974K, capacity 4176K, committed 4224K, reserved 1048576K
}
Event: 9.204 GC heap before
{Heap before GC invocations=7 (full 1):
 PSYoungGen      total 76288K, used 73288K [0x00000000f5580000, 0x00000000faa80000, 0x0000000100000000)
  eden space 65536K, 100% used [0x00000000f5580000,0x00000000f9580000,0x00000000f9580000)
  from space 10752K, 72% used [0x00000000f9580000,0x00000000f9d12380,0x00000000fa000000)
  to   space 10752K, 0% used [0x00000000fa000000,0x00000000fa000000,0x00000000faa80000)
 ParOldGen       total 175104K, used 7877K [0x00000000e0000000, 0x00000000eab00000, 0x00000000f5580000)
  object space 175104K, 4% used [0x00000000e0000000,0x00000000e07b16f0,0x00000000eab00000)
 Metaspace       used 31557K, capacity 32352K, committed 32640K, reserved 1077248K
  class space    used 4457K, capacity 4682K, committed 4736K, reserved 1048576K
Event: 9.212 GC heap after
Heap after GC invocations=7 (full 1):
 PSYoungGen      total 74752K, used 9298K [0x00000000f5580000, 0x00000000fd900000, 0x0000000100000000)
  eden space 64000K, 0% used [0x00000000f5580000,0x00000000f5580000,0x00000000f9400000)
  from space 10752K, 86% used [0x00000000fa000000,0x00000000fa9148b0,0x00000000faa80000)
  to   space 12288K, 0% used [0x00000000f9400000,0x00000000f9400000,0x00000000fa000000)
 ParOldGen       total 175104K, used 7885K [0x00000000e0000000, 0x00000000eab00000, 0x00000000f5580000)
  object space 175104K, 4% used [0x00000000e0000000,0x00000000e07b36f0,0x00000000eab00000)
 Metaspace       used 31557K, capacity 32352K, committed 32640K, reserved 1077248K
  class space    used 4457K, capacity 4682K, committed 4736K, reserved 1048576K
}

