# JRE version: Java(TM) SE Runtime Environment (8.0_261-b12) (build 1.8.0_261-b12)
# Java VM: Java HotSpot(TM) 64-Bit Server VM (25.261-b12 mixed mode windows-amd64 compressed oops)
Heap:
 PSYoungGen      total 324096K, used 30889K [0x0000000715d80000, 0x000000072e080000, 0x00000007c0000000)
  eden space 273408K, 11% used [0x0000000715d80000,0x0000000717baa568,0x0000000726880000)
  from space 50688K, 0% used [0x000000072af00000,0x000000072af00000,0x000000072e080000)
  to   space 61440K, 0% used [0x0000000726880000,0x0000000726880000,0x000000072a480000)
 ParOldGen       total 283136K, used 63103K [0x00000005c1800000, 0x00000005d2c80000, 0x0000000715d80000)
  object space 283136K, 22% used [0x00000005c1800000,0x00000005c559fe68,0x00000005d2c80000)
 Metaspace       used 58670K, capacity 61182K, committed 61400K, reserved 1101824K
  class space    used 8051K, capacity 8680K, committed 8704K, reserved 1048576K
GC Heap History (10 events):
Event: 87.776 GC heap before
{Heap before GC invocations=15 (full 2):
 PSYoungGen      total 345088K, used 335415K [0x0000000715d80000, 0x000000072e680000, 0x00000007c0000000)
  eden space 294912K, 100% used [0x0000000715d80000,0x0000000727d80000,0x0000000727d80000)
  from space 50176K, 80% used [0x000000072b280000,0x000000072da0df00,0x000000072e380000)
  to   space 53760K, 0% used [0x0000000727d80000,0x0000000727d80000,0x000000072b200000)
 ParOldGen       total 283136K, used 43017K [0x00000005c1800000, 0x00000005d2c80000, 0x0000000715d80000)
  object space 283136K, 15% used [0x00000005c1800000,0x00000005c4202550,0x00000005d2c80000)
 Metaspace       used 53606K, capacity 55820K, committed 55896K, reserved 1097728K
  class space    used 7485K, capacity 8039K, committed 8064K, reserved 1048576K
Event: 87.806 GC heap after
Heap after GC invocations=15 (full 2):
 PSYoungGen      total 348672K, used 45648K [0x0000000715d80000, 0x0000000731080000, 0x00000007c0000000)
  eden space 294912K, 0% used [0x0000000715d80000,0x0000000715d80000,0x0000000727d80000)
  from space 53760K, 84% used [0x0000000727d80000,0x000000072aa14100,0x000000072b200000)
  to   space 58368K, 0% used [0x000000072d780000,0x000000072d780000,0x0000000731080000)
 ParOldGen       total 283136K, used 43017K [0x00000005c1800000, 0x00000005d2c80000, 0x0000000715d80000)
  object space 283136K, 15% used [0x00000005c1800000,0x00000005c4202550,0x00000005d2c80000)
 Metaspace       used 53606K, capacity 55820K, committed 55896K, reserved 1097728K
  class space    used 7485K, capacity 8039K, committed 8064K, reserved 1048576K
}
Event: 223.980 GC heap before
{Heap before GC invocations=16 (full 2):
 PSYoungGen      total 348672K, used 340560K [0x0000000715d80000, 0x0000000731080000, 0x00000007c0000000)
  eden space 294912K, 100% used [0x0000000715d80000,0x0000000727d80000,0x0000000727d80000)
  from space 53760K, 84% used [0x0000000727d80000,0x000000072aa14100,0x000000072b200000)
  to   space 58368K, 0% used [0x000000072d780000,0x000000072d780000,0x0000000731080000)
 ParOldGen       total 283136K, used 43017K [0x00000005c1800000, 0x00000005d2c80000, 0x0000000715d80000)
  object space 283136K, 15% used [0x00000005c1800000,0x00000005c4202550,0x00000005d2c80000)
 Metaspace       used 54125K, capacity 56576K, committed 56792K, reserved 1097728K
  class space    used 7521K, capacity 8101K, committed 8192K, reserved 1048576K
Event: 224.015 GC heap after
Heap after GC invocations=16 (full 2):
 PSYoungGen      total 322048K, used 34791K [0x0000000715d80000, 0x000000072f980000, 0x00000007c0000000)
  eden space 287232K, 0% used [0x0000000715d80000,0x0000000715d80000,0x0000000727600000)
  from space 34816K, 99% used [0x000000072d780000,0x000000072f979ef0,0x000000072f980000)
  to   space 58368K, 0% used [0x0000000728780000,0x0000000728780000,0x000000072c080000)
 ParOldGen       total 283136K, used 43025K [0x00000005c1800000, 0x00000005d2c80000, 0x0000000715d80000)
  object space 283136K, 15% used [0x00000005c1800000,0x00000005c4204550,0x00000005d2c80000)
 Metaspace       used 54125K, capacity 56576K, committed 56792K, reserved 1097728K
  class space    used 7521K, capacity 8101K, committed 8192K, reserved 1048576K
}
Event: 233.531 GC heap before
{Heap before GC invocations=17 (full 2):
 PSYoungGen      total 322048K, used 322023K [0x0000000715d80000, 0x000000072f980000, 0x00000007c0000000)
  eden space 287232K, 100% used [0x0000000715d80000,0x0000000727600000,0x0000000727600000)
  from space 34816K, 99% used [0x000000072d780000,0x000000072f979ef0,0x000000072f980000)
  to   space 58368K, 0% used [0x0000000728780000,0x0000000728780000,0x000000072c080000)
 ParOldGen       total 283136K, used 43025K [0x00000005c1800000, 0x00000005d2c80000, 0x0000000715d80000)
  object space 283136K, 15% used [0x00000005c1800000,0x00000005c4204550,0x00000005d2c80000)
 Metaspace       used 54125K, capacity 56576K, committed 56792K, reserved 1097728K
  class space    used 7521K, capacity 8101K, committed 8192K, reserved 1048576K
Event: 233.554 GC heap after
Heap after GC invocations=17 (full 2):
 PSYoungGen      total 320512K, used 39943K [0x0000000715d80000, 0x000000072e400000, 0x00000007c0000000)
  eden space 280064K, 0% used [0x0000000715d80000,0x0000000715d80000,0x0000000726f00000)
  from space 40448K, 98% used [0x0000000728780000,0x000000072ae81ef0,0x000000072af00000)
  to   space 54272K, 0% used [0x000000072af00000,0x000000072af00000,0x000000072e400000)
 ParOldGen       total 283136K, used 43025K [0x00000005c1800000, 0x00000005d2c80000, 0x0000000715d80000)
  object space 283136K, 15% used [0x00000005c1800000,0x00000005c4204550,0x00000005d2c80000)
 Metaspace       used 54125K, capacity 56576K, committed 56792K, reserved 1097728K
  class space    used 7521K, capacity 8101K, committed 8192K, reserved 1048576K
}
Event: 238.099 GC heap before
{Heap before GC invocations=18 (full 2):
 PSYoungGen      total 320512K, used 285041K [0x0000000715d80000, 0x000000072e400000, 0x00000007c0000000)
  eden space 280064K, 87% used [0x0000000715d80000,0x0000000724cda870,0x0000000726f00000)
  from space 40448K, 98% used [0x0000000728780000,0x000000072ae81ef0,0x000000072af00000)
  to   space 54272K, 0% used [0x000000072af00000,0x000000072af00000,0x000000072e400000)
 ParOldGen       total 283136K, used 43025K [0x00000005c1800000, 0x00000005d2c80000, 0x0000000715d80000)
  object space 283136K, 15% used [0x00000005c1800000,0x00000005c4204550,0x00000005d2c80000)
 Metaspace       used 56474K, capacity 58942K, committed 59028K, reserved 1099776K
  class space    used 7785K, capacity 8416K, committed 8448K, reserved 1048576K
Event: 238.116 GC heap after
Heap after GC invocations=18 (full 2):
 PSYoungGen      total 324096K, used 42513K [0x0000000715d80000, 0x000000072e080000, 0x00000007c0000000)
  eden space 273408K, 0% used [0x0000000715d80000,0x0000000715d80000,0x0000000726880000)
  from space 50688K, 83% used [0x000000072af00000,0x000000072d884440,0x000000072e080000)
  to   space 61440K, 0% used [0x0000000726880000,0x0000000726880000,0x000000072a480000)
 ParOldGen       total 283136K, used 43047K [0x00000005c1800000, 0x00000005d2c80000, 0x0000000715d80000)
  object space 283136K, 15% used [0x00000005c1800000,0x00000005c4209de0,0x00000005d2c80000)
 Metaspace       used 56474K, capacity 58942K, committed 59028K, reserved 1099776K
  class space    used 7785K, capacity 8416K, committed 8448K, reserved 1048576K
}
Event: 238.116 GC heap before
{Heap before GC invocations=19 (full 3):
 PSYoungGen      total 324096K, used 42513K [0x0000000715d80000, 0x000000072e080000, 0x00000007c0000000)
  eden space 273408K, 0% used [0x0000000715d80000,0x0000000715d80000,0x0000000726880000)
  from space 50688K, 83% used [0x000000072af00000,0x000000072d884440,0x000000072e080000)
  to   space 61440K, 0% used [0x0000000726880000,0x0000000726880000,0x000000072a480000)
 ParOldGen       total 283136K, used 43047K [0x00000005c1800000, 0x00000005d2c80000, 0x0000000715d80000)
  object space 283136K, 15% used [0x00000005c1800000,0x00000005c4209de0,0x00000005d2c80000)
 Metaspace       used 56474K, capacity 58942K, committed 59028K, reserved 1099776K
  class space    used 7785K, capacity 8416K, committed 8448K, reserved 1048576K
Event: 238.252 GC heap after
Heap after GC invocations=19 (full 3):
 PSYoungGen      total 324096K, used 0K [0x0000000715d80000, 0x000000072e080000, 0x00000007c0000000)
  eden space 273408K, 0% used [0x0000000715d80000,0x0000000715d80000,0x0000000726880000)
  from space 50688K, 0% used [0x000000072af00000,0x000000072af00000,0x000000072e080000)
  to   space 61440K, 0% used [0x0000000726880000,0x0000000726880000,0x000000072a480000)
 ParOldGen       total 283136K, used 63103K [0x00000005c1800000, 0x00000005d2c80000, 0x0000000715d80000)
  object space 283136K, 22% used [0x00000005c1800000,0x00000005c559fe68,0x00000005d2c80000)
 Metaspace       used 56464K, capacity 58906K, committed 59028K, reserved 1099776K
  class space    used 7781K, capacity 8410K, committed 8448K, reserved 1048576K
}

